<?xml version="1.0" encoding="UTF-8"?>
<testsuites name="NEFR Form Test" time="32" tests="0" failures="1" errors="0">
   <testsuite name="NEFR Form Test" tests="0" failures="1" errors="0" time="32" timestamp="2018-02-14 15:36:01" hostname="angelwong - 192.168.1.11" id="Test Suites/NEFR Form Test">
      <properties>
         <property name="deviceName" value=""/>
         <property name="devicePlatform" value=""/>
         <property name="logFolder" value="/Users/angelwong/Documents/Documents/EFORMS/06 Test Tool/ALEX NEFR TESTING/Reports/NEFR Form Test/20180214_153557"/>
         <property name="logFiles" value="/Users/angelwong/Documents/Documents/EFORMS/06 Test Tool/ALEX NEFR TESTING/Reports/NEFR Form Test/20180214_153557/execution0.log"/>
         <property name="attachments" value="/Users/angelwong/Documents/Documents/EFORMS/06 Test Tool/ALEX NEFR TESTING/Reports/NEFR Form Test/20180214_153557/1518593792068.png, /Users/angelwong/Documents/Documents/EFORMS/06 Test Tool/ALEX NEFR TESTING/Reports/NEFR Form Test/20180214_153557/1518593793171.png"/>
         <property name="hostName" value="angelwong - 192.168.1.11"/>
         <property name="os" value="Mac OS X 64bit"/>
         <property name="katalonVersion" value="5.3.0.1"/>
         <property name="browser" value="Firefox 58.0"/>
         <property name="hostAddress" value="192.168.1.11"/>
         <property name="sessionId" value="c1d258ac-5eb4-4c46-8c70-30304d2039e1"/>
         <property name="seleniumVersion" value="3.7.1"/>
         <property name="proxyInformation" value="ProxyInformation{proxyOption=NO_PROXY, proxyServerType=HTTP, password=, proxyServerAddress=, proxyServerPort=0}"/>
         <property name="platform" value="Mac OS X"/>
      </properties>
      <testcase name="Test Cases/MY DETAILS TAB TEST" classname="Test Cases/MY DETAILS TAB TEST" status="FAILED">
         <failure type="FAILED" message="Object 'Object Repository/My Details Tab/I_GUARD checkbox' does not have attribute 'disabled'"/>
         <system-out><![CDATA[2018-02-14 15:36:02 - [TEST_CASE][FAILED] - Test Cases/MY DETAILS TAB TEST: Test Cases/MY DETAILS TAB TEST FAILED because (of) Object 'Object Repository/My Details Tab/I_GUARD checkbox' does not have attribute 'disabled'

2018-02-14 15:36:03 - [TEST_STEP][PASSED] - openBrowser: Browser is opened with url: ''

2018-02-14 15:36:14 - [MESSAGE][PASSED] - Browser is opened with url: ''

2018-02-14 15:36:14 - [TEST_STEP][PASSED] - maximizeWindow: Current window maximized

2018-02-14 15:36:18 - [MESSAGE][PASSED] - Current window maximized

2018-02-14 15:36:18 - [TEST_STEP][PASSED] - navigateToUrl: Navigate to 'http://sit104.sit.startinpoint.com:9080/FEBWrapperApp/' successfully

2018-02-14 15:36:19 - [MESSAGE][PASSED] - Navigate to 'http://sit104.sit.startinpoint.com:9080/FEBWrapperApp/' successfully

2018-02-14 15:36:19 - [TEST_STEP][PASSED] - waitForPageLoad: Wait for page load successfully

2018-02-14 15:36:19 - [MESSAGE][PASSED] - Wait for page load successfully

2018-02-14 15:36:19 - [TEST_STEP][PASSED] - waitForElementPresent: Object 'Object Repository/Test Link Page_IFrame/testlink_inputField' is present

2018-02-14 15:36:20 - [MESSAGE][PASSED] - Object 'Object Repository/Test Link Page_IFrame/testlink_inputField' is present

2018-02-14 15:36:20 - [TEST_STEP][PASSED] - setText: Text 'DOCTY_GRP=A|NNAME=MR. AMIR BIN KASIRAN|VNAME=LASTIE/ NAME|O_CONSTYP=CM|UNNAME=REDDY PALAGATI NISHANTH|USERID=ZIBMPALAGATI|ADDR=BLK 108, %2305-301, TAMPINES STREET 11, Singapore 521108|EMAIL=qsm@ttsh.com.sg|EXTNR=S1205651F|TELNO=1800-2529913|IDNO=24260517766963|FTEMPL=ISH_COMNCLEN1.101|EDIT=Y|EINRI=ALEX|FDESC=CONSENT FORM (ENGLISH)|FTYPE=NEFRCONS|FOLDER=0000000919|LTOKEN=4DF80CAB1C0D7B0CCC89DD80EC8465|PATNR=0004838179|PAT_LVL=Y|STATUS=01|TCODE=NV2001|UNAMEIND=Y|VOID=Y|TEST_FLAG=1
' is set on object 'Object Repository/Test Link Page_IFrame/testlink_inputField'

2018-02-14 15:36:21 - [MESSAGE][PASSED] - Text 'DOCTY_GRP=A|NNAME=MR. AMIR BIN KASIRAN|VNAME=LASTIE/ NAME|O_CONSTYP=CM|UNNAME=REDDY PALAGATI NISHANTH|USERID=ZIBMPALAGATI|ADDR=BLK 108, %2305-301, TAMPINES STREET 11, Singapore 521108|EMAIL=qsm@ttsh.com.sg|EXTNR=S1205651F|TELNO=1800-2529913|IDNO=24260517766963|FTEMPL=ISH_COMNCLEN1.101|EDIT=Y|EINRI=ALEX|FDESC=CONSENT FORM (ENGLISH)|FTYPE=NEFRCONS|FOLDER=0000000919|LTOKEN=4DF80CAB1C0D7B0CCC89DD80EC8465|PATNR=0004838179|PAT_LVL=Y|STATUS=01|TCODE=NV2001|UNAMEIND=Y|VOID=Y|TEST_FLAG=1
' is set on object 'Object Repository/Test Link Page_IFrame/testlink_inputField'

2018-02-14 15:36:21 - [TEST_STEP][PASSED] - click: Object: 'Object Repository/Test Link Page_IFrame/testlink_btn' is clicked on

2018-02-14 15:36:23 - [MESSAGE][PASSED] - Object: 'Object Repository/Test Link Page_IFrame/testlink_btn' is clicked on

2018-02-14 15:36:23 - [TEST_STEP][PASSED] - waitForPageLoad: Wait for page load successfully

2018-02-14 15:36:23 - [MESSAGE][PASSED] - Wait for page load successfully

2018-02-14 15:36:23 - [TEST_STEP][PASSED] - verifyElementPresent: Object 'Object Repository/Test Link Page_IFrame/iframeid' is present

2018-02-14 15:36:23 - [MESSAGE][PASSED] - Object 'Object Repository/Test Link Page_IFrame/iframeid' is present

2018-02-14 15:36:23 - [TEST_STEP][PASSED] - delay: Delayed 2 second(s)

2018-02-14 15:36:25 - [MESSAGE][PASSED] - Delayed 2 second(s)

2018-02-14 15:36:25 - [TEST_STEP][PASSED] - Statement - If (com.kms.katalon.core.webui.keyword.WebUiBuiltInKeywords.verifyElementPresent(com.kms.katalon.core.testobject.ObjectRepository.findTestObject(Test Link Page_IFrame/input_j_username), 0)): Object 'Object Repository/Applicant Tab/td_Applicants Name_div_label' is present

2018-02-14 15:36:25 - [MESSAGE][WARNING] - Timeout '0' is invalid. Using default page load timeout: '30'

2018-02-14 15:36:25 - [MESSAGE][WARNING] - Timeout '0' is invalid. Using default page load timeout: '30'

2018-02-14 15:36:25 - [MESSAGE][PASSED] - Object 'Object Repository/Test Link Page_IFrame/input_j_username' is present

2018-02-14 15:36:25 - [TEST_STEP][PASSED] - verifyElementPresent: Object 'Object Repository/Test Link Page_IFrame/form_ISH_COMNCLEN1.101' is present

2018-02-14 15:36:26 - [MESSAGE][PASSED] - Object 'Object Repository/Test Link Page_IFrame/form_ISH_COMNCLEN1.101' is present

2018-02-14 15:36:26 - [TEST_STEP][PASSED] - setText: Text 'wasadmin' is set on object 'Object Repository/Test Link Page_IFrame/input_j_username'

2018-02-14 15:36:26 - [MESSAGE][PASSED] - Text 'wasadmin' is set on object 'Object Repository/Test Link Page_IFrame/input_j_username'

2018-02-14 15:36:26 - [TEST_STEP][PASSED] - setText: Text 'P@ger123' is set on object 'Object Repository/Test Link Page_IFrame/input_j_password'

2018-02-14 15:36:26 - [MESSAGE][PASSED] - Text 'P@ger123' is set on object 'Object Repository/Test Link Page_IFrame/input_j_password'

2018-02-14 15:36:26 - [TEST_STEP][PASSED] - click: Object: 'Object Repository/Test Link Page_IFrame/input_lotusBtn' is clicked on

2018-02-14 15:36:28 - [MESSAGE][PASSED] - Object: 'Object Repository/Test Link Page_IFrame/input_lotusBtn' is clicked on

2018-02-14 15:36:28 - [TEST_STEP][PASSED] - verifyElementPresent: Object 'Object Repository/Applicant Tab/td_Applicants Name_div_label' is present

2018-02-14 15:36:30 - [MESSAGE][PASSED] - Object 'Object Repository/Applicant Tab/td_Applicants Name_div_label' is present

2018-02-14 15:36:31 - [TEST_STEP][PASSED] - Statement - applicantAdd = com.kms.katalon.core.webui.keyword.WebUiBuiltInKeywords.getText(com.kms.katalon.core.testobject.ObjectRepository.findTestObject(Applicant Tab/Main Residential Address Field )): Text of object 'Object Repository/Applicant Tab/Main Residential Address Field ' is: ''

2018-02-14 15:36:31 - [MESSAGE][PASSED] - Text of object 'Object Repository/Applicant Tab/Main Residential Address Field ' is: ''

2018-02-14 15:36:31 - [TEST_STEP][PASSED] - click: Object: 'Object Repository/My Details Tab/My Details tab btn' is clicked on

2018-02-14 15:36:31 - [MESSAGE][PASSED] - Object: 'Object Repository/My Details Tab/My Details tab btn' is clicked on

2018-02-14 15:36:31 - [TEST_STEP][NOT_RUN] - verifyElementText: NOT_RUN: verifyElementText

2018-02-14 15:36:31 - [MESSAGE][NOT_RUN] - NOT_RUN: verifyElementText

2018-02-14 15:36:31 - [TEST_STEP][NOT_RUN] - verifyElementAttributeValue: NOT_RUN: verifyElementAttributeValue

2018-02-14 15:36:31 - [MESSAGE][NOT_RUN] - NOT_RUN: verifyElementAttributeValue

2018-02-14 15:36:31 - [TEST_STEP][NOT_RUN] - verifyElementText: NOT_RUN: verifyElementText

2018-02-14 15:36:31 - [MESSAGE][NOT_RUN] - NOT_RUN: verifyElementText

2018-02-14 15:36:31 - [TEST_STEP][NOT_RUN] - verifyElementAttributeValue: NOT_RUN: verifyElementAttributeValue

2018-02-14 15:36:31 - [MESSAGE][NOT_RUN] - NOT_RUN: verifyElementAttributeValue

2018-02-14 15:36:31 - [TEST_STEP][NOT_RUN] - verifyElementText: NOT_RUN: verifyElementText

2018-02-14 15:36:31 - [MESSAGE][NOT_RUN] - NOT_RUN: verifyElementText

2018-02-14 15:36:31 - [TEST_STEP][NOT_RUN] - verifyElementPresent: NOT_RUN: verifyElementPresent

2018-02-14 15:36:31 - [MESSAGE][NOT_RUN] - NOT_RUN: verifyElementPresent

2018-02-14 15:36:31 - [TEST_STEP][NOT_RUN] - verifyElementText: NOT_RUN: verifyElementText

2018-02-14 15:36:31 - [MESSAGE][NOT_RUN] - NOT_RUN: verifyElementText

2018-02-14 15:36:31 - [TEST_STEP][NOT_RUN] - verifyElementAttributeValue: NOT_RUN: verifyElementAttributeValue

2018-02-14 15:36:31 - [MESSAGE][NOT_RUN] - NOT_RUN: verifyElementAttributeValue

2018-02-14 15:36:31 - [TEST_STEP][NOT_RUN] - verifyElementText: NOT_RUN: verifyElementText

2018-02-14 15:36:31 - [MESSAGE][NOT_RUN] - NOT_RUN: verifyElementText

2018-02-14 15:36:31 - [TEST_STEP][PASSED] - Statement - If (O_CONSTYP == "CN"): null

2018-02-14 15:36:31 - [TEST_STEP][FAILED] - Statement - Else If (O_CONSTYP == "CI" || O_CONSTYP == "CM"): Object 'Object Repository/My Details Tab/I_DONEE checkbox' has attribute 'disabled'

2018-02-14 15:36:31 - [TEST_STEP][NOT_RUN] - verifyElementVisibleInViewport: NOT_RUN: verifyElementVisibleInViewport

2018-02-14 15:36:31 - [MESSAGE][NOT_RUN] - NOT_RUN: verifyElementVisibleInViewport

2018-02-14 15:36:31 - [TEST_STEP][NOT_RUN] - verifyElementText: NOT_RUN: verifyElementText

2018-02-14 15:36:31 - [MESSAGE][NOT_RUN] - NOT_RUN: verifyElementText

2018-02-14 15:36:31 - [TEST_STEP][NOT_RUN] - setText: NOT_RUN: setText

2018-02-14 15:36:31 - [MESSAGE][NOT_RUN] - NOT_RUN: setText

2018-02-14 15:36:31 - [TEST_STEP][NOT_RUN] - click: NOT_RUN: click

2018-02-14 15:36:31 - [MESSAGE][NOT_RUN] - NOT_RUN: click

2018-02-14 15:36:31 - [TEST_STEP][NOT_RUN] - verifyElementNotVisibleInViewport: NOT_RUN: verifyElementNotVisibleInViewport

2018-02-14 15:36:31 - [MESSAGE][NOT_RUN] - NOT_RUN: verifyElementNotVisibleInViewport

2018-02-14 15:36:31 - [TEST_STEP][NOT_RUN] - verifyElementVisibleInViewport: NOT_RUN: verifyElementVisibleInViewport

2018-02-14 15:36:31 - [MESSAGE][NOT_RUN] - NOT_RUN: verifyElementVisibleInViewport

2018-02-14 15:36:31 - [TEST_STEP][NOT_RUN] - verifyElementText: NOT_RUN: verifyElementText

2018-02-14 15:36:31 - [MESSAGE][NOT_RUN] - NOT_RUN: verifyElementText

2018-02-14 15:36:31 - [TEST_STEP][NOT_RUN] - setText: NOT_RUN: setText

2018-02-14 15:36:31 - [MESSAGE][NOT_RUN] - NOT_RUN: setText

2018-02-14 15:36:31 - [TEST_STEP][NOT_RUN] - click: NOT_RUN: click

2018-02-14 15:36:31 - [MESSAGE][NOT_RUN] - NOT_RUN: click

2018-02-14 15:36:31 - [TEST_STEP][NOT_RUN] - verifyElementText: NOT_RUN: verifyElementText

2018-02-14 15:36:31 - [MESSAGE][NOT_RUN] - NOT_RUN: verifyElementText

2018-02-14 15:36:31 - [TEST_STEP][NOT_RUN] - check: NOT_RUN: check

2018-02-14 15:36:31 - [MESSAGE][NOT_RUN] - NOT_RUN: check

2018-02-14 15:36:31 - [TEST_STEP][NOT_RUN] - verifyElementNotVisibleInViewport: NOT_RUN: verifyElementNotVisibleInViewport

2018-02-14 15:36:31 - [MESSAGE][NOT_RUN] - NOT_RUN: verifyElementNotVisibleInViewport

2018-02-14 15:36:31 - [TEST_STEP][NOT_RUN] - uncheck: NOT_RUN: uncheck

2018-02-14 15:36:31 - [MESSAGE][NOT_RUN] - NOT_RUN: uncheck

2018-02-14 15:36:31 - [TEST_STEP][NOT_RUN] - verifyElementText: NOT_RUN: verifyElementText

2018-02-14 15:36:31 - [MESSAGE][NOT_RUN] - NOT_RUN: verifyElementText

2018-02-14 15:36:31 - [TEST_STEP][NOT_RUN] - clearText: NOT_RUN: clearText

2018-02-14 15:36:31 - [MESSAGE][NOT_RUN] - NOT_RUN: clearText

2018-02-14 15:36:31 - [TEST_STEP][NOT_RUN] - click: NOT_RUN: click

2018-02-14 15:36:31 - [MESSAGE][NOT_RUN] - NOT_RUN: click

2018-02-14 15:36:31 - [TEST_STEP][NOT_RUN] - verifyElementText: NOT_RUN: verifyElementText

2018-02-14 15:36:31 - [MESSAGE][NOT_RUN] - NOT_RUN: verifyElementText

2018-02-14 15:36:31 - [TEST_STEP][NOT_RUN] - setText: NOT_RUN: setText

2018-02-14 15:36:31 - [MESSAGE][NOT_RUN] - NOT_RUN: setText

2018-02-14 15:36:31 - [TEST_STEP][NOT_RUN] - click: NOT_RUN: click

2018-02-14 15:36:31 - [MESSAGE][NOT_RUN] - NOT_RUN: click

2018-02-14 15:36:31 - [TEST_STEP][NOT_RUN] - verifyElementNotVisibleInViewport: NOT_RUN: verifyElementNotVisibleInViewport

2018-02-14 15:36:31 - [MESSAGE][NOT_RUN] - NOT_RUN: verifyElementNotVisibleInViewport

2018-02-14 15:36:31 - [TEST_STEP][NOT_RUN] - setText: NOT_RUN: setText

2018-02-14 15:36:31 - [MESSAGE][NOT_RUN] - NOT_RUN: setText

2018-02-14 15:36:31 - [TEST_STEP][NOT_RUN] - check: NOT_RUN: check

2018-02-14 15:36:31 - [MESSAGE][NOT_RUN] - NOT_RUN: check

2018-02-14 15:36:31 - [TEST_STEP][NOT_RUN] - verifyElementHasAttribute: NOT_RUN: verifyElementHasAttribute

2018-02-14 15:36:31 - [MESSAGE][NOT_RUN] - NOT_RUN: verifyElementHasAttribute

2018-02-14 15:36:31 - [TEST_STEP][NOT_RUN] - Statement - myDetailsAdd = com.kms.katalon.core.webui.keyword.WebUiBuiltInKeywords.getText(com.kms.katalon.core.testobject.ObjectRepository.findTestObject(My Details Tab/Residential Address Field)): NOT_RUN: Statement - myDetailsAdd = com.kms.katalon.core.webui.keyword.WebUiBuiltInKeywords.getText(com.kms.katalon.core.testobject.ObjectRepository.findTestObject(My Details Tab/Residential Address Field))

2018-02-14 15:36:31 - [MESSAGE][NOT_RUN] - NOT_RUN: Statement - myDetailsAdd = com.kms.katalon.core.webui.keyword.WebUiBuiltInKeywords.getText(com.kms.katalon.core.testobject.ObjectRepository.findTestObject(My Details Tab/Residential Address Field))

2018-02-14 15:36:31 - [TEST_STEP][NOT_RUN] - verifyMatch: NOT_RUN: verifyMatch

2018-02-14 15:36:31 - [MESSAGE][NOT_RUN] - NOT_RUN: verifyMatch

2018-02-14 15:36:31 - [TEST_STEP][NOT_RUN] - uncheck: NOT_RUN: uncheck

2018-02-14 15:36:31 - [MESSAGE][NOT_RUN] - NOT_RUN: uncheck

2018-02-14 15:36:31 - [TEST_STEP][NOT_RUN] - verifyElementNotHasAttribute: NOT_RUN: verifyElementNotHasAttribute

2018-02-14 15:36:31 - [MESSAGE][NOT_RUN] - NOT_RUN: verifyElementNotHasAttribute

2018-02-14 15:36:31 - [TEST_STEP][NOT_RUN] - verifyElementText: NOT_RUN: verifyElementText

2018-02-14 15:36:31 - [MESSAGE][NOT_RUN] - NOT_RUN: verifyElementText

2018-02-14 15:36:31 - [TEST_STEP][FAILED] - Statement - If (O_CONSTYP == "CM"): Object 'Object Repository/My Details Tab/I_DONEE checkbox' has attribute 'disabled'

2018-02-14 15:36:31 - [TEST_STEP][FAILED] - verifyElementHasAttribute: Object 'Object Repository/My Details Tab/I_GUARD checkbox' does not have attribute 'disabled'

2018-02-14 15:36:31 - [MESSAGE][WARNING] - Timeout '0' is invalid. Using default page load timeout: '30'

2018-02-14 15:36:32 - [MESSAGE][FAILED] - Object 'Object Repository/My Details Tab/I_GUARD checkbox' does not have attribute 'disabled'
[[ATTACHMENT|/Users/angelwong/Documents/Documents/EFORMS/06 Test Tool/ALEX NEFR TESTING/Reports/NEFR Form Test/20180214_153557/1518593792068.png]]

2018-02-14 15:36:32 - [TEST_STEP][FAILED] - verifyElementNotHasAttribute: Object 'Object Repository/My Details Tab/I_DONEE checkbox' has attribute 'disabled'

2018-02-14 15:36:33 - [MESSAGE][WARNING] - Timeout '0' is invalid. Using default page load timeout: '30'

2018-02-14 15:36:33 - [MESSAGE][FAILED] - Object 'Object Repository/My Details Tab/I_DONEE checkbox' has attribute 'disabled'
[[ATTACHMENT|/Users/angelwong/Documents/Documents/EFORMS/06 Test Tool/ALEX NEFR TESTING/Reports/NEFR Form Test/20180214_153557/1518593793171.png]]

2018-02-14 15:36:33 - [TEST_STEP][NOT_RUN] - scrollToElement: NOT_RUN: scrollToElement

2018-02-14 15:36:33 - [MESSAGE][NOT_RUN] - NOT_RUN: scrollToElement

2018-02-14 15:36:33 - [TEST_STEP][NOT_RUN] - verifyElementPresent: NOT_RUN: verifyElementPresent

2018-02-14 15:36:33 - [MESSAGE][NOT_RUN] - NOT_RUN: verifyElementPresent

2018-02-14 15:36:33 - [TEST_STEP][NOT_RUN] - click: NOT_RUN: click

2018-02-14 15:36:33 - [MESSAGE][NOT_RUN] - NOT_RUN: click

2018-02-14 15:36:33 - [TEST_STEP][NOT_RUN] - delay: NOT_RUN: delay

2018-02-14 15:36:33 - [MESSAGE][NOT_RUN] - NOT_RUN: delay

2018-02-14 15:36:33 - [TEST_STEP][NOT_RUN] - verifyElementPresent: NOT_RUN: verifyElementPresent

2018-02-14 15:36:33 - [MESSAGE][NOT_RUN] - NOT_RUN: verifyElementPresent

2018-02-14 15:36:33 - [TEST_STEP][NOT_RUN] - click: NOT_RUN: click

2018-02-14 15:36:33 - [MESSAGE][NOT_RUN] - NOT_RUN: click

2018-02-14 15:36:33 - [TEST_STEP][NOT_RUN] - closeBrowser: NOT_RUN: closeBrowser

2018-02-14 15:36:33 - [MESSAGE][NOT_RUN] - NOT_RUN: closeBrowser]]></system-out>
         <system-err><![CDATA[2018-02-14 15:36:02 - [TEST_CASE][FAILED] - Test Cases/MY DETAILS TAB TEST: Test Cases/MY DETAILS TAB TEST FAILED because (of) Object 'Object Repository/My Details Tab/I_GUARD checkbox' does not have attribute 'disabled']]></system-err>
      </testcase>
      <system-out><![CDATA[2018-02-14 15:36:01 - [TEST_SUITE][FAILED] - NEFR Form Test: Test Cases/MY DETAILS TAB TEST FAILED because (of) Object 'Object Repository/My Details Tab/I_GUARD checkbox' does not have attribute 'disabled']]></system-out>
      <system-err><![CDATA[2018-02-14 15:36:01 - [TEST_SUITE][FAILED] - NEFR Form Test: Test Cases/MY DETAILS TAB TEST FAILED because (of) Object 'Object Repository/My Details Tab/I_GUARD checkbox' does not have attribute 'disabled']]></system-err>
   </testsuite>
</testsuites>
