<?xml version="1.0" encoding="UTF-8"?>
<testsuites name="NEFR Launch New Form " time="250" tests="0" failures="3" errors="0">
   <testsuite name="NEFR Launch New Form " tests="0" failures="3" errors="0" time="250" timestamp="2018-02-26 17:15:16" hostname="angelwong - 192.168.1.10" id="Test Suites/NEFR Launch New Form ">
      <properties>
         <property name="deviceName" value=""/>
         <property name="devicePlatform" value=""/>
         <property name="logFolder" value="/Users/angelwong/Documents/Documents/EFORMS/06 Test Tool/ALEX NEFR TESTING/Reports/NEFR Launch New Form /20180226_171511"/>
         <property name="logFiles" value="/Users/angelwong/Documents/Documents/EFORMS/06 Test Tool/ALEX NEFR TESTING/Reports/NEFR Launch New Form /20180226_171511/execution0.log"/>
         <property name="attachments" value="/Users/angelwong/Documents/Documents/EFORMS/06 Test Tool/ALEX NEFR TESTING/Reports/NEFR Launch New Form /20180226_171511/1519636594748.png, /Users/angelwong/Documents/Documents/EFORMS/06 Test Tool/ALEX NEFR TESTING/Reports/NEFR Launch New Form /20180226_171511/1519636608588.png, /Users/angelwong/Documents/Documents/EFORMS/06 Test Tool/ALEX NEFR TESTING/Reports/NEFR Launch New Form /20180226_171511/1519636609580.png, /Users/angelwong/Documents/Documents/EFORMS/06 Test Tool/ALEX NEFR TESTING/Reports/NEFR Launch New Form /20180226_171511/1519636677083.png, /Users/angelwong/Documents/Documents/EFORMS/06 Test Tool/ALEX NEFR TESTING/Reports/NEFR Launch New Form /20180226_171511/1519636688141.png, /Users/angelwong/Documents/Documents/EFORMS/06 Test Tool/ALEX NEFR TESTING/Reports/NEFR Launch New Form /20180226_171511/1519636689150.png, /Users/angelwong/Documents/Documents/EFORMS/06 Test Tool/ALEX NEFR TESTING/Reports/NEFR Launch New Form /20180226_171511/1519636754331.png"/>
         <property name="hostName" value="angelwong - 192.168.1.10"/>
         <property name="os" value="Mac OS X 64bit"/>
         <property name="katalonVersion" value="5.3.0.1"/>
         <property name="browser" value="Firefox 58.0"/>
         <property name="hostAddress" value="192.168.1.10"/>
         <property name="sessionId" value="410750de-2cde-c34c-bc28-fa77ce59f0dc"/>
         <property name="seleniumVersion" value="3.7.1"/>
         <property name="proxyInformation" value="ProxyInformation{proxyOption=NO_PROXY, proxyServerType=HTTP, password=, proxyServerAddress=, proxyServerPort=0}"/>
         <property name="platform" value="Mac OS X"/>
      </properties>
      <testcase name="Test Cases/MY DETAILS TAB TEST" classname="Test Cases/MY DETAILS TAB TEST" status="FAILED">
         <failure type="FAILED" message="com.kms.katalon.core.webui.exception.WebElementNotFoundException: Web element with id: 'Object Repository/Test Link Page_IFrame/input_j_username' located by 'By.xpath: id(&quot;name&quot;)[count(. | //input[@name = 'j_username']) = count(//input[@name = 'j_username'])]' not found"/>
         <system-out><![CDATA[2018-02-26 17:15:17 - [TEST_CASE][FAILED] - Test Cases/MY DETAILS TAB TEST: Test Cases/MY DETAILS TAB TEST FAILED because (of) com.kms.katalon.core.webui.exception.WebElementNotFoundException: Web element with id: 'Object Repository/Test Link Page_IFrame/input_j_username' located by 'By.xpath: id("name")[count(. | //input[@name = 'j_username']) = count(//input[@name = 'j_username'])]' not found

2018-02-26 17:15:19 - [TEST_STEP][PASSED] - openBrowser: Browser is opened with url: ''

2018-02-26 17:15:38 - [MESSAGE][PASSED] - Browser is opened with url: ''

2018-02-26 17:15:38 - [TEST_STEP][PASSED] - maximizeWindow: Current window maximized

2018-02-26 17:15:42 - [MESSAGE][PASSED] - Current window maximized

2018-02-26 17:15:42 - [TEST_STEP][PASSED] - navigateToUrl: Navigate to 'http://sit104.sit.startinpoint.com:9080/FEBWrapperApp/' successfully

2018-02-26 17:15:43 - [MESSAGE][PASSED] - Navigate to 'http://sit104.sit.startinpoint.com:9080/FEBWrapperApp/' successfully

2018-02-26 17:15:43 - [TEST_STEP][PASSED] - waitForPageLoad: Wait for page load successfully

2018-02-26 17:15:44 - [MESSAGE][PASSED] - Wait for page load successfully

2018-02-26 17:15:44 - [TEST_STEP][PASSED] - waitForElementPresent: Object 'Object Repository/Test Link Page_IFrame/testlink_inputField' is present

2018-02-26 17:15:45 - [MESSAGE][PASSED] - Object 'Object Repository/Test Link Page_IFrame/testlink_inputField' is present

2018-02-26 17:15:45 - [TEST_STEP][PASSED] - setText: Text 'DOCTY_GRP=A|NNAME=MR. AMIR BIN KASIRAN|VNAME=LASTIE/ NAME|O_CONSTYP=CM|UNNAME=REDDY PALAGATI NISHANTH|USERID=ZIBMPALAGATI|ADDR=BLK 108, %2305-301, TAMPINES STREET 11, Singapore 521108|EMAIL=qsm@ttsh.com.sg|EXTNR=S1205651F|TELNO=1800-2529913|IDNO=24260517766963|FTEMPL=ISH_COMNNCLEN1.101|EDIT=Y|EINRI=ALEX|FDESC=CONSENT FORM (ENGLISH)|FTYPE=NEFRCONS|FOLDER=0000000919|LTOKEN=4DF80CAB1C0D7B0CCC89DD80EC8465|PATNR=0004838179|PAT_LVL=Y|STATUS=01|TCODE=NV2001|UNAMEIND=Y|VOID=Y|TEST_FLAG=1
' is set on object 'Object Repository/Test Link Page_IFrame/testlink_inputField'

2018-02-26 17:15:46 - [MESSAGE][PASSED] - Text 'DOCTY_GRP=A|NNAME=MR. AMIR BIN KASIRAN|VNAME=LASTIE/ NAME|O_CONSTYP=CM|UNNAME=REDDY PALAGATI NISHANTH|USERID=ZIBMPALAGATI|ADDR=BLK 108, %2305-301, TAMPINES STREET 11, Singapore 521108|EMAIL=qsm@ttsh.com.sg|EXTNR=S1205651F|TELNO=1800-2529913|IDNO=24260517766963|FTEMPL=ISH_COMNNCLEN1.101|EDIT=Y|EINRI=ALEX|FDESC=CONSENT FORM (ENGLISH)|FTYPE=NEFRCONS|FOLDER=0000000919|LTOKEN=4DF80CAB1C0D7B0CCC89DD80EC8465|PATNR=0004838179|PAT_LVL=Y|STATUS=01|TCODE=NV2001|UNAMEIND=Y|VOID=Y|TEST_FLAG=1
' is set on object 'Object Repository/Test Link Page_IFrame/testlink_inputField'

2018-02-26 17:15:46 - [TEST_STEP][PASSED] - click: Object: 'Object Repository/Test Link Page_IFrame/testlink_btn' is clicked on

2018-02-26 17:15:58 - [MESSAGE][PASSED] - Object: 'Object Repository/Test Link Page_IFrame/testlink_btn' is clicked on

2018-02-26 17:15:59 - [TEST_STEP][PASSED] - waitForPageLoad: Wait for page load successfully

2018-02-26 17:15:59 - [MESSAGE][PASSED] - Wait for page load successfully

2018-02-26 17:15:59 - [TEST_STEP][PASSED] - verifyElementPresent: Object 'Object Repository/Test Link Page_IFrame/iframeid' is present

2018-02-26 17:15:59 - [MESSAGE][PASSED] - Object 'Object Repository/Test Link Page_IFrame/iframeid' is present

2018-02-26 17:15:59 - [TEST_STEP][PASSED] - delay: Delayed 2 second(s)

2018-02-26 17:16:02 - [MESSAGE][PASSED] - Delayed 2 second(s)

2018-02-26 17:16:02 - [TEST_STEP][FAILED] - Statement - If (com.kms.katalon.core.webui.keyword.WebUiBuiltInKeywords.verifyElementPresent(com.kms.katalon.core.testobject.ObjectRepository.findTestObject(Test Link Page_IFrame/input_j_username), 0)): com.kms.katalon.core.webui.exception.WebElementNotFoundException: Web element with id: 'Object Repository/Test Link Page_IFrame/input_j_username' located by 'By.xpath: id("name")[count(. | //input[@name = 'j_username']) = count(//input[@name = 'j_username'])]' not found

2018-02-26 17:16:02 - [MESSAGE][WARNING] - Timeout '0' is invalid. Using default page load timeout: '30'

2018-02-26 17:16:03 - [MESSAGE][WARNING] - Timeout '0' is invalid. Using default page load timeout: '30'

2018-02-26 17:16:35 - [MESSAGE][FAILED] - com.kms.katalon.core.webui.exception.WebElementNotFoundException: Web element with id: 'Object Repository/Test Link Page_IFrame/input_j_username' located by 'By.xpath: id("name")[count(. | //input[@name = 'j_username']) = count(//input[@name = 'j_username'])]' not found
[[ATTACHMENT|/Users/angelwong/Documents/Documents/EFORMS/06 Test Tool/ALEX NEFR TESTING/Reports/NEFR Launch New Form /20180226_171511/1519636594748.png]]

2018-02-26 17:16:36 - [TEST_STEP][PASSED] - Statement - applicantAdd = com.kms.katalon.core.webui.keyword.WebUiBuiltInKeywords.getText(com.kms.katalon.core.testobject.ObjectRepository.findTestObject(Applicant Tab/Main Residential Address Field )): Text of object 'Object Repository/Applicant Tab/Main Residential Address Field ' is: ''

2018-02-26 17:16:36 - [MESSAGE][PASSED] - Text of object 'Object Repository/Applicant Tab/Main Residential Address Field ' is: ''

2018-02-26 17:16:36 - [TEST_STEP][PASSED] - click: Object: 'Object Repository/My Details Tab/My Details tab btn' is clicked on

2018-02-26 17:16:37 - [MESSAGE][PASSED] - Object: 'Object Repository/My Details Tab/My Details tab btn' is clicked on

2018-02-26 17:16:37 - [TEST_STEP][PASSED] - verifyElementText: Actual text and expected text of test object 'Object Repository/My Details Tab/My Name label' are matched.

2018-02-26 17:16:37 - [MESSAGE][PASSED] - Actual text and expected text of test object 'Object Repository/My Details Tab/My Name label' are matched.

2018-02-26 17:16:37 - [TEST_STEP][PASSED] - verifyElementAttributeValue: Object 'Object Repository/My Details Tab/My Name Field' has attribute 'value' with value ''

2018-02-26 17:16:37 - [MESSAGE][WARNING] - Timeout '0' is invalid. Using default page load timeout: '30'

2018-02-26 17:16:38 - [MESSAGE][PASSED] - Object 'Object Repository/My Details Tab/My Name Field' has attribute 'value' with value ''

2018-02-26 17:16:38 - [TEST_STEP][PASSED] - verifyElementText: Actual text and expected text of test object 'Object Repository/My Details Tab/My NRIC label' are matched.

2018-02-26 17:16:38 - [MESSAGE][PASSED] - Actual text and expected text of test object 'Object Repository/My Details Tab/My NRIC label' are matched.

2018-02-26 17:16:38 - [TEST_STEP][PASSED] - verifyElementAttributeValue: Object 'Object Repository/My Details Tab/My NRIC Field' has attribute 'value' with value ''

2018-02-26 17:16:38 - [MESSAGE][WARNING] - Timeout '0' is invalid. Using default page load timeout: '30'

2018-02-26 17:16:38 - [MESSAGE][PASSED] - Object 'Object Repository/My Details Tab/My NRIC Field' has attribute 'value' with value ''

2018-02-26 17:16:38 - [TEST_STEP][PASSED] - verifyElementText: Actual text and expected text of test object 'Object Repository/My Details Tab/Passport checkbox label' are matched.

2018-02-26 17:16:38 - [MESSAGE][PASSED] - Actual text and expected text of test object 'Object Repository/My Details Tab/Passport checkbox label' are matched.

2018-02-26 17:16:38 - [TEST_STEP][PASSED] - verifyElementPresent: Object 'Object Repository/My Details Tab/Passport checkbox' is present

2018-02-26 17:16:38 - [MESSAGE][WARNING] - Timeout '0' is invalid. Using default page load timeout: '30'

2018-02-26 17:16:38 - [MESSAGE][WARNING] - Timeout '0' is invalid. Using default page load timeout: '30'

2018-02-26 17:16:38 - [MESSAGE][PASSED] - Object 'Object Repository/My Details Tab/Passport checkbox' is present

2018-02-26 17:16:38 - [TEST_STEP][PASSED] - verifyElementText: Actual text and expected text of test object 'Object Repository/My Details Tab/Residential Address label' are matched.

2018-02-26 17:16:39 - [MESSAGE][PASSED] - Actual text and expected text of test object 'Object Repository/My Details Tab/Residential Address label' are matched.

2018-02-26 17:16:39 - [TEST_STEP][PASSED] - verifyElementAttributeValue: Object 'Object Repository/My Details Tab/Residential Address Field' has attribute 'value' with value ''

2018-02-26 17:16:39 - [MESSAGE][WARNING] - Timeout '0' is invalid. Using default page load timeout: '30'

2018-02-26 17:16:39 - [MESSAGE][PASSED] - Object 'Object Repository/My Details Tab/Residential Address Field' has attribute 'value' with value ''

2018-02-26 17:16:39 - [TEST_STEP][PASSED] - verifyElementText: Actual text and expected text of test object 'Object Repository/My Details Tab/Same address checkbox label' are matched.

2018-02-26 17:16:39 - [MESSAGE][PASSED] - Actual text and expected text of test object 'Object Repository/My Details Tab/Same address checkbox label' are matched.

2018-02-26 17:16:39 - [TEST_STEP][PASSED] - Statement - If (O_CONSTYP == "CN"): null

2018-02-26 17:16:39 - [TEST_STEP][FAILED] - Statement - Else If (O_CONSTYP == "CI" || O_CONSTYP == "CM"): Object 'Object Repository/My Details Tab/I_DONEE checkbox' is checked

2018-02-26 17:16:39 - [TEST_STEP][PASSED] - verifyElementVisibleInViewport: Object 'Object Repository/My Details Tab/My Name Field Invalid Msg ' is present and visible in viewport

2018-02-26 17:16:39 - [MESSAGE][WARNING] - Timeout '0' is invalid. Using default page load timeout: '30'

2018-02-26 17:16:40 - [MESSAGE][WARNING] - Timeout '0' is invalid. Using default page load timeout: '30'

2018-02-26 17:16:40 - [MESSAGE][PASSED] - Object 'Object Repository/My Details Tab/My Name Field Invalid Msg ' is present and visible in viewport

2018-02-26 17:16:40 - [TEST_STEP][PASSED] - verifyElementText: Actual text and expected text of test object 'Object Repository/My Details Tab/My Name Field Invalid Msg ' are matched.

2018-02-26 17:16:40 - [MESSAGE][PASSED] - Actual text and expected text of test object 'Object Repository/My Details Tab/My Name Field Invalid Msg ' are matched.

2018-02-26 17:16:40 - [TEST_STEP][PASSED] - setText: Text 'Phua Sing Tat' is set on object 'Object Repository/My Details Tab/My Name Field'

2018-02-26 17:16:40 - [MESSAGE][PASSED] - Text 'Phua Sing Tat' is set on object 'Object Repository/My Details Tab/My Name Field'

2018-02-26 17:16:40 - [TEST_STEP][PASSED] - click: Object: 'Object Repository/My Details Tab/My Name label' is clicked on

2018-02-26 17:16:41 - [MESSAGE][PASSED] - Object: 'Object Repository/My Details Tab/My Name label' is clicked on

2018-02-26 17:16:41 - [TEST_STEP][PASSED] - verifyElementNotVisibleInViewport: Object 'Object Repository/My Details Tab/My Name Field Invalid Msg ' is present and NOT visible in viewport

2018-02-26 17:16:41 - [MESSAGE][WARNING] - Timeout '0' is invalid. Using default page load timeout: '30'

2018-02-26 17:16:41 - [MESSAGE][WARNING] - Timeout '0' is invalid. Using default page load timeout: '30'

2018-02-26 17:16:41 - [MESSAGE][PASSED] - Object 'Object Repository/My Details Tab/My Name Field Invalid Msg ' is present and NOT visible in viewport

2018-02-26 17:16:41 - [TEST_STEP][PASSED] - verifyElementVisibleInViewport: Object 'Object Repository/My Details Tab/My NRIC Field Invalid Msg' is present and visible in viewport

2018-02-26 17:16:41 - [MESSAGE][WARNING] - Timeout '0' is invalid. Using default page load timeout: '30'

2018-02-26 17:16:41 - [MESSAGE][WARNING] - Timeout '0' is invalid. Using default page load timeout: '30'

2018-02-26 17:16:41 - [MESSAGE][PASSED] - Object 'Object Repository/My Details Tab/My NRIC Field Invalid Msg' is present and visible in viewport

2018-02-26 17:16:41 - [TEST_STEP][PASSED] - verifyElementText: Actual text and expected text of test object 'Object Repository/My Details Tab/My NRIC Field Invalid Msg' are matched.

2018-02-26 17:16:41 - [MESSAGE][PASSED] - Actual text and expected text of test object 'Object Repository/My Details Tab/My NRIC Field Invalid Msg' are matched.

2018-02-26 17:16:41 - [TEST_STEP][PASSED] - setText: Text 'S1234567G' is set on object 'Object Repository/My Details Tab/My NRIC Field'

2018-02-26 17:16:42 - [MESSAGE][PASSED] - Text 'S1234567G' is set on object 'Object Repository/My Details Tab/My NRIC Field'

2018-02-26 17:16:42 - [TEST_STEP][PASSED] - click: Object: 'Object Repository/My Details Tab/My Name label' is clicked on

2018-02-26 17:16:42 - [MESSAGE][PASSED] - Object: 'Object Repository/My Details Tab/My Name label' is clicked on

2018-02-26 17:16:42 - [TEST_STEP][PASSED] - verifyElementText: Actual text and expected text of test object 'Object Repository/My Details Tab/My NRIC Field Invalid Msg' are matched.

2018-02-26 17:16:42 - [MESSAGE][PASSED] - Actual text and expected text of test object 'Object Repository/My Details Tab/My NRIC Field Invalid Msg' are matched.

2018-02-26 17:16:42 - [TEST_STEP][PASSED] - check: Object 'Object Repository/My Details Tab/Passport checkbox' is checked

2018-02-26 17:16:43 - [MESSAGE][PASSED] - Object 'Object Repository/My Details Tab/Passport checkbox' is checked

2018-02-26 17:16:43 - [TEST_STEP][PASSED] - verifyElementNotVisibleInViewport: Object 'Object Repository/My Details Tab/My NRIC Field Invalid Msg' is present and NOT visible in viewport

2018-02-26 17:16:43 - [MESSAGE][WARNING] - Timeout '0' is invalid. Using default page load timeout: '30'

2018-02-26 17:16:43 - [MESSAGE][WARNING] - Timeout '0' is invalid. Using default page load timeout: '30'

2018-02-26 17:16:43 - [MESSAGE][PASSED] - Object 'Object Repository/My Details Tab/My NRIC Field Invalid Msg' is present and NOT visible in viewport

2018-02-26 17:16:43 - [TEST_STEP][PASSED] - uncheck: Object 'Object Repository/My Details Tab/Passport checkbox' is un-checked

2018-02-26 17:16:44 - [MESSAGE][PASSED] - Object 'Object Repository/My Details Tab/Passport checkbox' is un-checked

2018-02-26 17:16:44 - [TEST_STEP][PASSED] - verifyElementText: Actual text and expected text of test object 'Object Repository/My Details Tab/My NRIC Field Invalid Msg' are matched.

2018-02-26 17:16:44 - [MESSAGE][PASSED] - Actual text and expected text of test object 'Object Repository/My Details Tab/My NRIC Field Invalid Msg' are matched.

2018-02-26 17:16:44 - [TEST_STEP][PASSED] - clearText: Text of object 'Object Repository/My Details Tab/My NRIC Field' is cleared

2018-02-26 17:16:44 - [MESSAGE][PASSED] - Text of object 'Object Repository/My Details Tab/My NRIC Field' is cleared

2018-02-26 17:16:44 - [TEST_STEP][PASSED] - click: Object: 'Object Repository/My Details Tab/My Name label' is clicked on

2018-02-26 17:16:45 - [MESSAGE][PASSED] - Object: 'Object Repository/My Details Tab/My Name label' is clicked on

2018-02-26 17:16:45 - [TEST_STEP][PASSED] - verifyElementText: Actual text and expected text of test object 'Object Repository/My Details Tab/My NRIC Field Invalid Msg' are matched.

2018-02-26 17:16:45 - [MESSAGE][PASSED] - Actual text and expected text of test object 'Object Repository/My Details Tab/My NRIC Field Invalid Msg' are matched.

2018-02-26 17:16:45 - [TEST_STEP][PASSED] - setText: Text 'T0648142B' is set on object 'Object Repository/My Details Tab/My NRIC Field'

2018-02-26 17:16:45 - [MESSAGE][PASSED] - Text 'T0648142B' is set on object 'Object Repository/My Details Tab/My NRIC Field'

2018-02-26 17:16:45 - [TEST_STEP][PASSED] - click: Object: 'Object Repository/My Details Tab/My Name label' is clicked on

2018-02-26 17:16:46 - [MESSAGE][PASSED] - Object: 'Object Repository/My Details Tab/My Name label' is clicked on

2018-02-26 17:16:46 - [TEST_STEP][PASSED] - verifyElementNotVisibleInViewport: Object 'Object Repository/My Details Tab/My NRIC Field Invalid Msg' is present and NOT visible in viewport

2018-02-26 17:16:46 - [MESSAGE][WARNING] - Timeout '0' is invalid. Using default page load timeout: '30'

2018-02-26 17:16:46 - [MESSAGE][WARNING] - Timeout '0' is invalid. Using default page load timeout: '30'

2018-02-26 17:16:46 - [MESSAGE][PASSED] - Object 'Object Repository/My Details Tab/My NRIC Field Invalid Msg' is present and NOT visible in viewport

2018-02-26 17:16:46 - [TEST_STEP][PASSED] - setText: Text 'Blk 444 Chin Chee Ave #09-189' is set on object 'Object Repository/My Details Tab/Residential Address Field'

2018-02-26 17:16:46 - [MESSAGE][PASSED] - Text 'Blk 444 Chin Chee Ave #09-189' is set on object 'Object Repository/My Details Tab/Residential Address Field'

2018-02-26 17:16:46 - [TEST_STEP][PASSED] - check: Object 'Object Repository/My Details Tab/Same address checkbox' is checked

2018-02-26 17:16:47 - [MESSAGE][PASSED] - Object 'Object Repository/My Details Tab/Same address checkbox' is checked

2018-02-26 17:16:47 - [TEST_STEP][PASSED] - verifyElementHasAttribute: Object 'Object Repository/My Details Tab/Residential Address Field' has attribute 'disabled'

2018-02-26 17:16:47 - [MESSAGE][WARNING] - Timeout '0' is invalid. Using default page load timeout: '30'

2018-02-26 17:16:47 - [MESSAGE][PASSED] - Object 'Object Repository/My Details Tab/Residential Address Field' has attribute 'disabled'

2018-02-26 17:16:47 - [TEST_STEP][PASSED] - Statement - myDetailsAdd = com.kms.katalon.core.webui.keyword.WebUiBuiltInKeywords.getText(com.kms.katalon.core.testobject.ObjectRepository.findTestObject(My Details Tab/Residential Address Field)): Text of object 'Object Repository/My Details Tab/Residential Address Field' is: ''

2018-02-26 17:16:47 - [MESSAGE][PASSED] - Text of object 'Object Repository/My Details Tab/Residential Address Field' is: ''

2018-02-26 17:16:47 - [TEST_STEP][PASSED] - verifyMatch: Actual text '' and expected text '' are matched 

2018-02-26 17:16:47 - [MESSAGE][PASSED] - Actual text '' and expected text '' are matched 

2018-02-26 17:16:47 - [TEST_STEP][PASSED] - uncheck: Object 'Object Repository/My Details Tab/Same address checkbox' is un-checked

2018-02-26 17:16:48 - [MESSAGE][PASSED] - Object 'Object Repository/My Details Tab/Same address checkbox' is un-checked

2018-02-26 17:16:48 - [TEST_STEP][PASSED] - verifyElementNotHasAttribute: Object 'Object Repository/My Details Tab/Residential Address Field' does not have attribute 'disabled'

2018-02-26 17:16:48 - [MESSAGE][WARNING] - Timeout '0' is invalid. Using default page load timeout: '30'

2018-02-26 17:16:48 - [MESSAGE][PASSED] - Object 'Object Repository/My Details Tab/Residential Address Field' does not have attribute 'disabled'

2018-02-26 17:16:48 - [TEST_STEP][PASSED] - verifyElementText: Actual text and expected text of test object 'Object Repository/My Details Tab/Residential Address Field' are matched.

2018-02-26 17:16:48 - [MESSAGE][PASSED] - Actual text and expected text of test object 'Object Repository/My Details Tab/Residential Address Field' are matched.

2018-02-26 17:16:48 - [TEST_STEP][FAILED] - Statement - If (O_CONSTYP == "CM"): Object 'Object Repository/My Details Tab/I_DONEE checkbox' is checked

2018-02-26 17:16:48 - [TEST_STEP][FAILED] - verifyElementHasAttribute: Object 'Object Repository/My Details Tab/I_GUARD checkbox' does not have attribute 'disabled'

2018-02-26 17:16:48 - [MESSAGE][WARNING] - Timeout '0' is invalid. Using default page load timeout: '30'

2018-02-26 17:16:49 - [MESSAGE][FAILED] - Object 'Object Repository/My Details Tab/I_GUARD checkbox' does not have attribute 'disabled'
[[ATTACHMENT|/Users/angelwong/Documents/Documents/EFORMS/06 Test Tool/ALEX NEFR TESTING/Reports/NEFR Launch New Form /20180226_171511/1519636608588.png]]

2018-02-26 17:16:49 - [TEST_STEP][FAILED] - verifyElementNotHasAttribute: Object 'Object Repository/My Details Tab/I_DONEE checkbox' has attribute 'disabled'

2018-02-26 17:16:49 - [MESSAGE][WARNING] - Timeout '0' is invalid. Using default page load timeout: '30'

2018-02-26 17:16:50 - [MESSAGE][FAILED] - Object 'Object Repository/My Details Tab/I_DONEE checkbox' has attribute 'disabled'
[[ATTACHMENT|/Users/angelwong/Documents/Documents/EFORMS/06 Test Tool/ALEX NEFR TESTING/Reports/NEFR Launch New Form /20180226_171511/1519636609580.png]]

2018-02-26 17:16:50 - [TEST_STEP][PASSED] - check: Object 'Object Repository/My Details Tab/I_DONEE checkbox' is checked

2018-02-26 17:16:50 - [MESSAGE][PASSED] - Object 'Object Repository/My Details Tab/I_DONEE checkbox' is checked

2018-02-26 17:16:50 - [TEST_STEP][PASSED] - scrollToElement: Scroll to object 'Object Repository/Test Link Page_IFrame/Save as Draft btn' successfully

2018-02-26 17:16:50 - [MESSAGE][PASSED] - Scroll to object 'Object Repository/Test Link Page_IFrame/Save as Draft btn' successfully

2018-02-26 17:16:51 - [TEST_STEP][PASSED] - verifyElementPresent: Object 'Object Repository/Test Link Page_IFrame/Save as Draft btn' is present

2018-02-26 17:16:51 - [MESSAGE][WARNING] - Timeout '0' is invalid. Using default page load timeout: '30'

2018-02-26 17:16:51 - [MESSAGE][WARNING] - Timeout '0' is invalid. Using default page load timeout: '30'

2018-02-26 17:16:51 - [MESSAGE][PASSED] - Object 'Object Repository/Test Link Page_IFrame/Save as Draft btn' is present

2018-02-26 17:16:51 - [TEST_STEP][PASSED] - click: Object: 'Object Repository/Test Link Page_IFrame/Save as Draft btn' is clicked on

2018-02-26 17:16:51 - [MESSAGE][PASSED] - Object: 'Object Repository/Test Link Page_IFrame/Save as Draft btn' is clicked on

2018-02-26 17:16:52 - [TEST_STEP][PASSED] - delay: Delayed 5 second(s)

2018-02-26 17:16:57 - [MESSAGE][PASSED] - Delayed 5 second(s)

2018-02-26 17:16:57 - [TEST_STEP][PASSED] - verifyElementPresent: Object 'Object Repository/Test Link Page_IFrame/OK btn of Save as draft dialog box' is present

2018-02-26 17:16:57 - [MESSAGE][WARNING] - Timeout '0' is invalid. Using default page load timeout: '30'

2018-02-26 17:16:57 - [MESSAGE][WARNING] - Timeout '0' is invalid. Using default page load timeout: '30'

2018-02-26 17:16:57 - [MESSAGE][PASSED] - Object 'Object Repository/Test Link Page_IFrame/OK btn of Save as draft dialog box' is present

2018-02-26 17:16:57 - [TEST_STEP][PASSED] - click: Object: 'Object Repository/Test Link Page_IFrame/OK btn of Save as draft dialog box' is clicked on

2018-02-26 17:16:57 - [MESSAGE][PASSED] - Object: 'Object Repository/Test Link Page_IFrame/OK btn of Save as draft dialog box' is clicked on

2018-02-26 17:16:57 - [TEST_STEP][PASSED] - closeBrowser: Browser is closed

2018-02-26 17:16:58 - [MESSAGE][PASSED] - Browser is closed]]></system-out>
         <system-err><![CDATA[2018-02-26 17:15:17 - [TEST_CASE][FAILED] - Test Cases/MY DETAILS TAB TEST: Test Cases/MY DETAILS TAB TEST FAILED because (of) com.kms.katalon.core.webui.exception.WebElementNotFoundException: Web element with id: 'Object Repository/Test Link Page_IFrame/input_j_username' located by 'By.xpath: id("name")[count(. | //input[@name = 'j_username']) = count(//input[@name = 'j_username'])]' not found]]></system-err>
      </testcase>
      <testcase name="Test Cases/MY DETAILS TAB TEST" classname="Test Cases/MY DETAILS TAB TEST" status="FAILED">
         <failure type="FAILED" message="com.kms.katalon.core.webui.exception.WebElementNotFoundException: Web element with id: 'Object Repository/Test Link Page_IFrame/input_j_username' located by 'By.xpath: id(&quot;name&quot;)[count(. | //input[@name = 'j_username']) = count(//input[@name = 'j_username'])]' not found"/>
         <system-out><![CDATA[2018-02-26 17:16:58 - [TEST_CASE][FAILED] - Test Cases/MY DETAILS TAB TEST: Test Cases/MY DETAILS TAB TEST FAILED because (of) com.kms.katalon.core.webui.exception.WebElementNotFoundException: Web element with id: 'Object Repository/Test Link Page_IFrame/input_j_username' located by 'By.xpath: id("name")[count(. | //input[@name = 'j_username']) = count(//input[@name = 'j_username'])]' not found

2018-02-26 17:16:58 - [TEST_STEP][PASSED] - openBrowser: Browser is opened with url: ''

2018-02-26 17:17:05 - [MESSAGE][PASSED] - Browser is opened with url: ''

2018-02-26 17:17:05 - [TEST_STEP][PASSED] - maximizeWindow: Current window maximized

2018-02-26 17:17:09 - [MESSAGE][PASSED] - Current window maximized

2018-02-26 17:17:09 - [TEST_STEP][PASSED] - navigateToUrl: Navigate to 'http://sit104.sit.startinpoint.com:9080/FEBWrapperApp/' successfully

2018-02-26 17:17:09 - [MESSAGE][PASSED] - Navigate to 'http://sit104.sit.startinpoint.com:9080/FEBWrapperApp/' successfully

2018-02-26 17:17:09 - [TEST_STEP][PASSED] - waitForPageLoad: Wait for page load successfully

2018-02-26 17:17:09 - [MESSAGE][PASSED] - Wait for page load successfully

2018-02-26 17:17:09 - [TEST_STEP][PASSED] - waitForElementPresent: Object 'Object Repository/Test Link Page_IFrame/testlink_inputField' is present

2018-02-26 17:17:09 - [MESSAGE][PASSED] - Object 'Object Repository/Test Link Page_IFrame/testlink_inputField' is present

2018-02-26 17:17:09 - [TEST_STEP][PASSED] - setText: Text 'DOCTY_GRP=A|NNAME=MR. AMIR BIN KASIRAN|VNAME=LASTIE/ NAME|O_CONSTYP=CI|UNNAME=REDDY PALAGATI NISHANTH|USERID=ZIBMPALAGATI|ADDR=BLK 108, %2305-301, TAMPINES STREET 11, Singapore 521108|EMAIL=qsm@ttsh.com.sg|EXTNR=S1205651F|TELNO=1800-2529913|IDNO=24260517766963|FTEMPL=ISH_COMNNCLEN1.101|EDIT=Y|EINRI=ALEX|FDESC=CONSENT FORM (ENGLISH)|FTYPE=NEFRCONS|FOLDER=0000000919|LTOKEN=4DF80CAB1C0D7B0CCC89DD80EC8465|PATNR=0004838179|PAT_LVL=Y|STATUS=01|TCODE=NV2001|UNAMEIND=Y|VOID=Y|TEST_FLAG=1
' is set on object 'Object Repository/Test Link Page_IFrame/testlink_inputField'

2018-02-26 17:17:10 - [MESSAGE][PASSED] - Text 'DOCTY_GRP=A|NNAME=MR. AMIR BIN KASIRAN|VNAME=LASTIE/ NAME|O_CONSTYP=CI|UNNAME=REDDY PALAGATI NISHANTH|USERID=ZIBMPALAGATI|ADDR=BLK 108, %2305-301, TAMPINES STREET 11, Singapore 521108|EMAIL=qsm@ttsh.com.sg|EXTNR=S1205651F|TELNO=1800-2529913|IDNO=24260517766963|FTEMPL=ISH_COMNNCLEN1.101|EDIT=Y|EINRI=ALEX|FDESC=CONSENT FORM (ENGLISH)|FTYPE=NEFRCONS|FOLDER=0000000919|LTOKEN=4DF80CAB1C0D7B0CCC89DD80EC8465|PATNR=0004838179|PAT_LVL=Y|STATUS=01|TCODE=NV2001|UNAMEIND=Y|VOID=Y|TEST_FLAG=1
' is set on object 'Object Repository/Test Link Page_IFrame/testlink_inputField'

2018-02-26 17:17:10 - [TEST_STEP][PASSED] - click: Object: 'Object Repository/Test Link Page_IFrame/testlink_btn' is clicked on

2018-02-26 17:17:19 - [MESSAGE][PASSED] - Object: 'Object Repository/Test Link Page_IFrame/testlink_btn' is clicked on

2018-02-26 17:17:19 - [TEST_STEP][PASSED] - waitForPageLoad: Wait for page load successfully

2018-02-26 17:17:19 - [MESSAGE][PASSED] - Wait for page load successfully

2018-02-26 17:17:19 - [TEST_STEP][PASSED] - verifyElementPresent: Object 'Object Repository/Test Link Page_IFrame/iframeid' is present

2018-02-26 17:17:20 - [MESSAGE][PASSED] - Object 'Object Repository/Test Link Page_IFrame/iframeid' is present

2018-02-26 17:17:20 - [TEST_STEP][PASSED] - delay: Delayed 2 second(s)

2018-02-26 17:17:22 - [MESSAGE][PASSED] - Delayed 2 second(s)

2018-02-26 17:17:22 - [TEST_STEP][FAILED] - Statement - If (com.kms.katalon.core.webui.keyword.WebUiBuiltInKeywords.verifyElementPresent(com.kms.katalon.core.testobject.ObjectRepository.findTestObject(Test Link Page_IFrame/input_j_username), 0)): com.kms.katalon.core.webui.exception.WebElementNotFoundException: Web element with id: 'Object Repository/Test Link Page_IFrame/input_j_username' located by 'By.xpath: id("name")[count(. | //input[@name = 'j_username']) = count(//input[@name = 'j_username'])]' not found

2018-02-26 17:17:22 - [MESSAGE][WARNING] - Timeout '0' is invalid. Using default page load timeout: '30'

2018-02-26 17:17:25 - [MESSAGE][WARNING] - Timeout '0' is invalid. Using default page load timeout: '30'

2018-02-26 17:17:58 - [MESSAGE][FAILED] - com.kms.katalon.core.webui.exception.WebElementNotFoundException: Web element with id: 'Object Repository/Test Link Page_IFrame/input_j_username' located by 'By.xpath: id("name")[count(. | //input[@name = 'j_username']) = count(//input[@name = 'j_username'])]' not found
[[ATTACHMENT|/Users/angelwong/Documents/Documents/EFORMS/06 Test Tool/ALEX NEFR TESTING/Reports/NEFR Launch New Form /20180226_171511/1519636677083.png]]

2018-02-26 17:17:58 - [TEST_STEP][PASSED] - Statement - applicantAdd = com.kms.katalon.core.webui.keyword.WebUiBuiltInKeywords.getText(com.kms.katalon.core.testobject.ObjectRepository.findTestObject(Applicant Tab/Main Residential Address Field )): Text of object 'Object Repository/Applicant Tab/Main Residential Address Field ' is: ''

2018-02-26 17:17:58 - [MESSAGE][PASSED] - Text of object 'Object Repository/Applicant Tab/Main Residential Address Field ' is: ''

2018-02-26 17:17:58 - [TEST_STEP][PASSED] - click: Object: 'Object Repository/My Details Tab/My Details tab btn' is clicked on

2018-02-26 17:17:59 - [MESSAGE][PASSED] - Object: 'Object Repository/My Details Tab/My Details tab btn' is clicked on

2018-02-26 17:17:59 - [TEST_STEP][PASSED] - verifyElementText: Actual text and expected text of test object 'Object Repository/My Details Tab/My Name label' are matched.

2018-02-26 17:17:59 - [MESSAGE][PASSED] - Actual text and expected text of test object 'Object Repository/My Details Tab/My Name label' are matched.

2018-02-26 17:17:59 - [TEST_STEP][PASSED] - verifyElementAttributeValue: Object 'Object Repository/My Details Tab/My Name Field' has attribute 'value' with value ''

2018-02-26 17:17:59 - [MESSAGE][WARNING] - Timeout '0' is invalid. Using default page load timeout: '30'

2018-02-26 17:17:59 - [MESSAGE][PASSED] - Object 'Object Repository/My Details Tab/My Name Field' has attribute 'value' with value ''

2018-02-26 17:17:59 - [TEST_STEP][PASSED] - verifyElementText: Actual text and expected text of test object 'Object Repository/My Details Tab/My NRIC label' are matched.

2018-02-26 17:17:59 - [MESSAGE][PASSED] - Actual text and expected text of test object 'Object Repository/My Details Tab/My NRIC label' are matched.

2018-02-26 17:17:59 - [TEST_STEP][PASSED] - verifyElementAttributeValue: Object 'Object Repository/My Details Tab/My NRIC Field' has attribute 'value' with value ''

2018-02-26 17:17:59 - [MESSAGE][WARNING] - Timeout '0' is invalid. Using default page load timeout: '30'

2018-02-26 17:17:59 - [MESSAGE][PASSED] - Object 'Object Repository/My Details Tab/My NRIC Field' has attribute 'value' with value ''

2018-02-26 17:18:00 - [TEST_STEP][PASSED] - verifyElementText: Actual text and expected text of test object 'Object Repository/My Details Tab/Passport checkbox label' are matched.

2018-02-26 17:18:00 - [MESSAGE][PASSED] - Actual text and expected text of test object 'Object Repository/My Details Tab/Passport checkbox label' are matched.

2018-02-26 17:18:00 - [TEST_STEP][PASSED] - verifyElementPresent: Object 'Object Repository/My Details Tab/Passport checkbox' is present

2018-02-26 17:18:00 - [MESSAGE][WARNING] - Timeout '0' is invalid. Using default page load timeout: '30'

2018-02-26 17:18:00 - [MESSAGE][WARNING] - Timeout '0' is invalid. Using default page load timeout: '30'

2018-02-26 17:18:00 - [MESSAGE][PASSED] - Object 'Object Repository/My Details Tab/Passport checkbox' is present

2018-02-26 17:18:00 - [TEST_STEP][PASSED] - verifyElementText: Actual text and expected text of test object 'Object Repository/My Details Tab/Residential Address label' are matched.

2018-02-26 17:18:00 - [MESSAGE][PASSED] - Actual text and expected text of test object 'Object Repository/My Details Tab/Residential Address label' are matched.

2018-02-26 17:18:00 - [TEST_STEP][PASSED] - verifyElementAttributeValue: Object 'Object Repository/My Details Tab/Residential Address Field' has attribute 'value' with value ''

2018-02-26 17:18:00 - [MESSAGE][WARNING] - Timeout '0' is invalid. Using default page load timeout: '30'

2018-02-26 17:18:00 - [MESSAGE][PASSED] - Object 'Object Repository/My Details Tab/Residential Address Field' has attribute 'value' with value ''

2018-02-26 17:18:00 - [TEST_STEP][PASSED] - verifyElementText: Actual text and expected text of test object 'Object Repository/My Details Tab/Same address checkbox label' are matched.

2018-02-26 17:18:00 - [MESSAGE][PASSED] - Actual text and expected text of test object 'Object Repository/My Details Tab/Same address checkbox label' are matched.

2018-02-26 17:18:00 - [TEST_STEP][PASSED] - Statement - If (O_CONSTYP == "CN"): null

2018-02-26 17:18:00 - [TEST_STEP][FAILED] - Statement - Else If (O_CONSTYP == "CI" || O_CONSTYP == "CM"): Object 'Object Repository/My Details Tab/I_GUARD checkbox' is checked

2018-02-26 17:18:00 - [TEST_STEP][PASSED] - verifyElementVisibleInViewport: Object 'Object Repository/My Details Tab/My Name Field Invalid Msg ' is present and visible in viewport

2018-02-26 17:18:00 - [MESSAGE][WARNING] - Timeout '0' is invalid. Using default page load timeout: '30'

2018-02-26 17:18:00 - [MESSAGE][WARNING] - Timeout '0' is invalid. Using default page load timeout: '30'

2018-02-26 17:18:00 - [MESSAGE][PASSED] - Object 'Object Repository/My Details Tab/My Name Field Invalid Msg ' is present and visible in viewport

2018-02-26 17:18:00 - [TEST_STEP][PASSED] - verifyElementText: Actual text and expected text of test object 'Object Repository/My Details Tab/My Name Field Invalid Msg ' are matched.

2018-02-26 17:18:01 - [MESSAGE][PASSED] - Actual text and expected text of test object 'Object Repository/My Details Tab/My Name Field Invalid Msg ' are matched.

2018-02-26 17:18:01 - [TEST_STEP][PASSED] - setText: Text 'Phua Sing Tat' is set on object 'Object Repository/My Details Tab/My Name Field'

2018-02-26 17:18:01 - [MESSAGE][PASSED] - Text 'Phua Sing Tat' is set on object 'Object Repository/My Details Tab/My Name Field'

2018-02-26 17:18:01 - [TEST_STEP][PASSED] - click: Object: 'Object Repository/My Details Tab/My Name label' is clicked on

2018-02-26 17:18:01 - [MESSAGE][PASSED] - Object: 'Object Repository/My Details Tab/My Name label' is clicked on

2018-02-26 17:18:01 - [TEST_STEP][PASSED] - verifyElementNotVisibleInViewport: Object 'Object Repository/My Details Tab/My Name Field Invalid Msg ' is present and NOT visible in viewport

2018-02-26 17:18:01 - [MESSAGE][WARNING] - Timeout '0' is invalid. Using default page load timeout: '30'

2018-02-26 17:18:02 - [MESSAGE][WARNING] - Timeout '0' is invalid. Using default page load timeout: '30'

2018-02-26 17:18:02 - [MESSAGE][PASSED] - Object 'Object Repository/My Details Tab/My Name Field Invalid Msg ' is present and NOT visible in viewport

2018-02-26 17:18:02 - [TEST_STEP][PASSED] - verifyElementVisibleInViewport: Object 'Object Repository/My Details Tab/My NRIC Field Invalid Msg' is present and visible in viewport

2018-02-26 17:18:02 - [MESSAGE][WARNING] - Timeout '0' is invalid. Using default page load timeout: '30'

2018-02-26 17:18:02 - [MESSAGE][WARNING] - Timeout '0' is invalid. Using default page load timeout: '30'

2018-02-26 17:18:02 - [MESSAGE][PASSED] - Object 'Object Repository/My Details Tab/My NRIC Field Invalid Msg' is present and visible in viewport

2018-02-26 17:18:02 - [TEST_STEP][PASSED] - verifyElementText: Actual text and expected text of test object 'Object Repository/My Details Tab/My NRIC Field Invalid Msg' are matched.

2018-02-26 17:18:02 - [MESSAGE][PASSED] - Actual text and expected text of test object 'Object Repository/My Details Tab/My NRIC Field Invalid Msg' are matched.

2018-02-26 17:18:02 - [TEST_STEP][PASSED] - setText: Text 'S1234567G' is set on object 'Object Repository/My Details Tab/My NRIC Field'

2018-02-26 17:18:02 - [MESSAGE][PASSED] - Text 'S1234567G' is set on object 'Object Repository/My Details Tab/My NRIC Field'

2018-02-26 17:18:02 - [TEST_STEP][PASSED] - click: Object: 'Object Repository/My Details Tab/My Name label' is clicked on

2018-02-26 17:18:03 - [MESSAGE][PASSED] - Object: 'Object Repository/My Details Tab/My Name label' is clicked on

2018-02-26 17:18:03 - [TEST_STEP][PASSED] - verifyElementText: Actual text and expected text of test object 'Object Repository/My Details Tab/My NRIC Field Invalid Msg' are matched.

2018-02-26 17:18:03 - [MESSAGE][PASSED] - Actual text and expected text of test object 'Object Repository/My Details Tab/My NRIC Field Invalid Msg' are matched.

2018-02-26 17:18:03 - [TEST_STEP][PASSED] - check: Object 'Object Repository/My Details Tab/Passport checkbox' is checked

2018-02-26 17:18:03 - [MESSAGE][PASSED] - Object 'Object Repository/My Details Tab/Passport checkbox' is checked

2018-02-26 17:18:03 - [TEST_STEP][PASSED] - verifyElementNotVisibleInViewport: Object 'Object Repository/My Details Tab/My NRIC Field Invalid Msg' is present and NOT visible in viewport

2018-02-26 17:18:03 - [MESSAGE][WARNING] - Timeout '0' is invalid. Using default page load timeout: '30'

2018-02-26 17:18:03 - [MESSAGE][WARNING] - Timeout '0' is invalid. Using default page load timeout: '30'

2018-02-26 17:18:03 - [MESSAGE][PASSED] - Object 'Object Repository/My Details Tab/My NRIC Field Invalid Msg' is present and NOT visible in viewport

2018-02-26 17:18:03 - [TEST_STEP][PASSED] - uncheck: Object 'Object Repository/My Details Tab/Passport checkbox' is un-checked

2018-02-26 17:18:04 - [MESSAGE][PASSED] - Object 'Object Repository/My Details Tab/Passport checkbox' is un-checked

2018-02-26 17:18:04 - [TEST_STEP][PASSED] - verifyElementText: Actual text and expected text of test object 'Object Repository/My Details Tab/My NRIC Field Invalid Msg' are matched.

2018-02-26 17:18:04 - [MESSAGE][PASSED] - Actual text and expected text of test object 'Object Repository/My Details Tab/My NRIC Field Invalid Msg' are matched.

2018-02-26 17:18:04 - [TEST_STEP][PASSED] - clearText: Text of object 'Object Repository/My Details Tab/My NRIC Field' is cleared

2018-02-26 17:18:04 - [MESSAGE][PASSED] - Text of object 'Object Repository/My Details Tab/My NRIC Field' is cleared

2018-02-26 17:18:04 - [TEST_STEP][PASSED] - click: Object: 'Object Repository/My Details Tab/My Name label' is clicked on

2018-02-26 17:18:04 - [MESSAGE][PASSED] - Object: 'Object Repository/My Details Tab/My Name label' is clicked on

2018-02-26 17:18:04 - [TEST_STEP][PASSED] - verifyElementText: Actual text and expected text of test object 'Object Repository/My Details Tab/My NRIC Field Invalid Msg' are matched.

2018-02-26 17:18:05 - [MESSAGE][PASSED] - Actual text and expected text of test object 'Object Repository/My Details Tab/My NRIC Field Invalid Msg' are matched.

2018-02-26 17:18:05 - [TEST_STEP][PASSED] - setText: Text 'T0648142B' is set on object 'Object Repository/My Details Tab/My NRIC Field'

2018-02-26 17:18:05 - [MESSAGE][PASSED] - Text 'T0648142B' is set on object 'Object Repository/My Details Tab/My NRIC Field'

2018-02-26 17:18:05 - [TEST_STEP][PASSED] - click: Object: 'Object Repository/My Details Tab/My Name label' is clicked on

2018-02-26 17:18:05 - [MESSAGE][PASSED] - Object: 'Object Repository/My Details Tab/My Name label' is clicked on

2018-02-26 17:18:05 - [TEST_STEP][PASSED] - verifyElementNotVisibleInViewport: Object 'Object Repository/My Details Tab/My NRIC Field Invalid Msg' is present and NOT visible in viewport

2018-02-26 17:18:05 - [MESSAGE][WARNING] - Timeout '0' is invalid. Using default page load timeout: '30'

2018-02-26 17:18:06 - [MESSAGE][WARNING] - Timeout '0' is invalid. Using default page load timeout: '30'

2018-02-26 17:18:06 - [MESSAGE][PASSED] - Object 'Object Repository/My Details Tab/My NRIC Field Invalid Msg' is present and NOT visible in viewport

2018-02-26 17:18:06 - [TEST_STEP][PASSED] - setText: Text 'Blk 444 Chin Chee Ave #09-189' is set on object 'Object Repository/My Details Tab/Residential Address Field'

2018-02-26 17:18:06 - [MESSAGE][PASSED] - Text 'Blk 444 Chin Chee Ave #09-189' is set on object 'Object Repository/My Details Tab/Residential Address Field'

2018-02-26 17:18:06 - [TEST_STEP][PASSED] - check: Object 'Object Repository/My Details Tab/Same address checkbox' is checked

2018-02-26 17:18:07 - [MESSAGE][PASSED] - Object 'Object Repository/My Details Tab/Same address checkbox' is checked

2018-02-26 17:18:07 - [TEST_STEP][PASSED] - verifyElementHasAttribute: Object 'Object Repository/My Details Tab/Residential Address Field' has attribute 'disabled'

2018-02-26 17:18:07 - [MESSAGE][WARNING] - Timeout '0' is invalid. Using default page load timeout: '30'

2018-02-26 17:18:07 - [MESSAGE][PASSED] - Object 'Object Repository/My Details Tab/Residential Address Field' has attribute 'disabled'

2018-02-26 17:18:07 - [TEST_STEP][PASSED] - Statement - myDetailsAdd = com.kms.katalon.core.webui.keyword.WebUiBuiltInKeywords.getText(com.kms.katalon.core.testobject.ObjectRepository.findTestObject(My Details Tab/Residential Address Field)): Text of object 'Object Repository/My Details Tab/Residential Address Field' is: ''

2018-02-26 17:18:07 - [MESSAGE][PASSED] - Text of object 'Object Repository/My Details Tab/Residential Address Field' is: ''

2018-02-26 17:18:07 - [TEST_STEP][PASSED] - verifyMatch: Actual text '' and expected text '' are matched 

2018-02-26 17:18:07 - [MESSAGE][PASSED] - Actual text '' and expected text '' are matched 

2018-02-26 17:18:07 - [TEST_STEP][PASSED] - uncheck: Object 'Object Repository/My Details Tab/Same address checkbox' is un-checked

2018-02-26 17:18:07 - [MESSAGE][PASSED] - Object 'Object Repository/My Details Tab/Same address checkbox' is un-checked

2018-02-26 17:18:07 - [TEST_STEP][PASSED] - verifyElementNotHasAttribute: Object 'Object Repository/My Details Tab/Residential Address Field' does not have attribute 'disabled'

2018-02-26 17:18:07 - [MESSAGE][WARNING] - Timeout '0' is invalid. Using default page load timeout: '30'

2018-02-26 17:18:07 - [MESSAGE][PASSED] - Object 'Object Repository/My Details Tab/Residential Address Field' does not have attribute 'disabled'

2018-02-26 17:18:07 - [TEST_STEP][PASSED] - verifyElementText: Actual text and expected text of test object 'Object Repository/My Details Tab/Residential Address Field' are matched.

2018-02-26 17:18:08 - [MESSAGE][PASSED] - Actual text and expected text of test object 'Object Repository/My Details Tab/Residential Address Field' are matched.

2018-02-26 17:18:08 - [TEST_STEP][PASSED] - Statement - If (O_CONSTYP == "CM"): null

2018-02-26 17:18:08 - [TEST_STEP][FAILED] - Statement - Else: Object 'Object Repository/My Details Tab/I_GUARD checkbox' is checked

2018-02-26 17:18:08 - [TEST_STEP][FAILED] - verifyElementHasAttribute: Object 'Object Repository/My Details Tab/I_DONEE checkbox' does not have attribute 'disabled'

2018-02-26 17:18:08 - [MESSAGE][WARNING] - Timeout '0' is invalid. Using default page load timeout: '30'

2018-02-26 17:18:09 - [MESSAGE][FAILED] - Object 'Object Repository/My Details Tab/I_DONEE checkbox' does not have attribute 'disabled'
[[ATTACHMENT|/Users/angelwong/Documents/Documents/EFORMS/06 Test Tool/ALEX NEFR TESTING/Reports/NEFR Launch New Form /20180226_171511/1519636688141.png]]

2018-02-26 17:18:09 - [TEST_STEP][FAILED] - verifyElementNotHasAttribute: Object 'Object Repository/My Details Tab/I_GUARD checkbox' has attribute 'disabled'

2018-02-26 17:18:09 - [MESSAGE][WARNING] - Timeout '0' is invalid. Using default page load timeout: '30'

2018-02-26 17:18:10 - [MESSAGE][FAILED] - Object 'Object Repository/My Details Tab/I_GUARD checkbox' has attribute 'disabled'
[[ATTACHMENT|/Users/angelwong/Documents/Documents/EFORMS/06 Test Tool/ALEX NEFR TESTING/Reports/NEFR Launch New Form /20180226_171511/1519636689150.png]]

2018-02-26 17:18:10 - [TEST_STEP][PASSED] - check: Object 'Object Repository/My Details Tab/I_GUARD checkbox' is checked

2018-02-26 17:18:10 - [MESSAGE][PASSED] - Object 'Object Repository/My Details Tab/I_GUARD checkbox' is checked

2018-02-26 17:18:10 - [TEST_STEP][PASSED] - scrollToElement: Scroll to object 'Object Repository/Test Link Page_IFrame/Save as Draft btn' successfully

2018-02-26 17:18:10 - [MESSAGE][PASSED] - Scroll to object 'Object Repository/Test Link Page_IFrame/Save as Draft btn' successfully

2018-02-26 17:18:10 - [TEST_STEP][PASSED] - verifyElementPresent: Object 'Object Repository/Test Link Page_IFrame/Save as Draft btn' is present

2018-02-26 17:18:10 - [MESSAGE][WARNING] - Timeout '0' is invalid. Using default page load timeout: '30'

2018-02-26 17:18:10 - [MESSAGE][WARNING] - Timeout '0' is invalid. Using default page load timeout: '30'

2018-02-26 17:18:10 - [MESSAGE][PASSED] - Object 'Object Repository/Test Link Page_IFrame/Save as Draft btn' is present

2018-02-26 17:18:10 - [TEST_STEP][PASSED] - click: Object: 'Object Repository/Test Link Page_IFrame/Save as Draft btn' is clicked on

2018-02-26 17:18:12 - [MESSAGE][PASSED] - Object: 'Object Repository/Test Link Page_IFrame/Save as Draft btn' is clicked on

2018-02-26 17:18:12 - [TEST_STEP][PASSED] - delay: Delayed 5 second(s)

2018-02-26 17:18:17 - [MESSAGE][PASSED] - Delayed 5 second(s)

2018-02-26 17:18:17 - [TEST_STEP][PASSED] - verifyElementPresent: Object 'Object Repository/Test Link Page_IFrame/OK btn of Save as draft dialog box' is present

2018-02-26 17:18:17 - [MESSAGE][WARNING] - Timeout '0' is invalid. Using default page load timeout: '30'

2018-02-26 17:18:17 - [MESSAGE][WARNING] - Timeout '0' is invalid. Using default page load timeout: '30'

2018-02-26 17:18:17 - [MESSAGE][PASSED] - Object 'Object Repository/Test Link Page_IFrame/OK btn of Save as draft dialog box' is present

2018-02-26 17:18:18 - [TEST_STEP][PASSED] - click: Object: 'Object Repository/Test Link Page_IFrame/OK btn of Save as draft dialog box' is clicked on

2018-02-26 17:18:18 - [MESSAGE][PASSED] - Object: 'Object Repository/Test Link Page_IFrame/OK btn of Save as draft dialog box' is clicked on

2018-02-26 17:18:18 - [TEST_STEP][PASSED] - closeBrowser: Browser is closed

2018-02-26 17:18:19 - [MESSAGE][PASSED] - Browser is closed]]></system-out>
         <system-err><![CDATA[2018-02-26 17:16:58 - [TEST_CASE][FAILED] - Test Cases/MY DETAILS TAB TEST: Test Cases/MY DETAILS TAB TEST FAILED because (of) com.kms.katalon.core.webui.exception.WebElementNotFoundException: Web element with id: 'Object Repository/Test Link Page_IFrame/input_j_username' located by 'By.xpath: id("name")[count(. | //input[@name = 'j_username']) = count(//input[@name = 'j_username'])]' not found]]></system-err>
      </testcase>
      <testcase name="Test Cases/MY DETAILS TAB TEST" classname="Test Cases/MY DETAILS TAB TEST" status="FAILED">
         <failure type="FAILED" message="com.kms.katalon.core.webui.exception.WebElementNotFoundException: Web element with id: 'Object Repository/Test Link Page_IFrame/input_j_username' located by 'By.xpath: id(&quot;name&quot;)[count(. | //input[@name = 'j_username']) = count(//input[@name = 'j_username'])]' not found"/>
         <system-out><![CDATA[2018-02-26 17:18:19 - [TEST_CASE][FAILED] - Test Cases/MY DETAILS TAB TEST: Test Cases/MY DETAILS TAB TEST FAILED because (of) com.kms.katalon.core.webui.exception.WebElementNotFoundException: Web element with id: 'Object Repository/Test Link Page_IFrame/input_j_username' located by 'By.xpath: id("name")[count(. | //input[@name = 'j_username']) = count(//input[@name = 'j_username'])]' not found

2018-02-26 17:18:19 - [TEST_STEP][PASSED] - openBrowser: Browser is opened with url: ''

2018-02-26 17:18:26 - [MESSAGE][PASSED] - Browser is opened with url: ''

2018-02-26 17:18:26 - [TEST_STEP][PASSED] - maximizeWindow: Current window maximized

2018-02-26 17:18:29 - [MESSAGE][PASSED] - Current window maximized

2018-02-26 17:18:29 - [TEST_STEP][PASSED] - navigateToUrl: Navigate to 'http://sit104.sit.startinpoint.com:9080/FEBWrapperApp/' successfully

2018-02-26 17:18:30 - [MESSAGE][PASSED] - Navigate to 'http://sit104.sit.startinpoint.com:9080/FEBWrapperApp/' successfully

2018-02-26 17:18:30 - [TEST_STEP][PASSED] - waitForPageLoad: Wait for page load successfully

2018-02-26 17:18:30 - [MESSAGE][PASSED] - Wait for page load successfully

2018-02-26 17:18:30 - [TEST_STEP][PASSED] - waitForElementPresent: Object 'Object Repository/Test Link Page_IFrame/testlink_inputField' is present

2018-02-26 17:18:30 - [MESSAGE][PASSED] - Object 'Object Repository/Test Link Page_IFrame/testlink_inputField' is present

2018-02-26 17:18:30 - [TEST_STEP][PASSED] - setText: Text 'DOCTY_GRP=A|NNAME=MR. AMIR BIN KASIRAN|VNAME=LASTIE/ NAME|O_CONSTYP=CN|UNNAME=REDDY PALAGATI NISHANTH|USERID=ZIBMPALAGATI|ADDR=BLK 108, %2305-301, TAMPINES STREET 11, Singapore 521108|EMAIL=qsm@ttsh.com.sg|EXTNR=S1205651F|TELNO=1800-2529913|IDNO=24260517766963|FTEMPL=ISH_COMNNCLEN1.101|EDIT=Y|EINRI=ALEX|FDESC=CONSENT FORM (ENGLISH)|FTYPE=NEFRCONS|FOLDER=0000000919|LTOKEN=4DF80CAB1C0D7B0CCC89DD80EC8465|PATNR=0004838179|PAT_LVL=Y|STATUS=01|TCODE=NV2001|UNAMEIND=Y|VOID=Y|TEST_FLAG=1
' is set on object 'Object Repository/Test Link Page_IFrame/testlink_inputField'

2018-02-26 17:18:31 - [MESSAGE][PASSED] - Text 'DOCTY_GRP=A|NNAME=MR. AMIR BIN KASIRAN|VNAME=LASTIE/ NAME|O_CONSTYP=CN|UNNAME=REDDY PALAGATI NISHANTH|USERID=ZIBMPALAGATI|ADDR=BLK 108, %2305-301, TAMPINES STREET 11, Singapore 521108|EMAIL=qsm@ttsh.com.sg|EXTNR=S1205651F|TELNO=1800-2529913|IDNO=24260517766963|FTEMPL=ISH_COMNNCLEN1.101|EDIT=Y|EINRI=ALEX|FDESC=CONSENT FORM (ENGLISH)|FTYPE=NEFRCONS|FOLDER=0000000919|LTOKEN=4DF80CAB1C0D7B0CCC89DD80EC8465|PATNR=0004838179|PAT_LVL=Y|STATUS=01|TCODE=NV2001|UNAMEIND=Y|VOID=Y|TEST_FLAG=1
' is set on object 'Object Repository/Test Link Page_IFrame/testlink_inputField'

2018-02-26 17:18:31 - [TEST_STEP][PASSED] - click: Object: 'Object Repository/Test Link Page_IFrame/testlink_btn' is clicked on

2018-02-26 17:18:40 - [MESSAGE][PASSED] - Object: 'Object Repository/Test Link Page_IFrame/testlink_btn' is clicked on

2018-02-26 17:18:40 - [TEST_STEP][PASSED] - waitForPageLoad: Wait for page load successfully

2018-02-26 17:18:40 - [MESSAGE][PASSED] - Wait for page load successfully

2018-02-26 17:18:40 - [TEST_STEP][PASSED] - verifyElementPresent: Object 'Object Repository/Test Link Page_IFrame/iframeid' is present

2018-02-26 17:18:40 - [MESSAGE][PASSED] - Object 'Object Repository/Test Link Page_IFrame/iframeid' is present

2018-02-26 17:18:40 - [TEST_STEP][PASSED] - delay: Delayed 2 second(s)

2018-02-26 17:18:42 - [MESSAGE][PASSED] - Delayed 2 second(s)

2018-02-26 17:18:42 - [TEST_STEP][FAILED] - Statement - If (com.kms.katalon.core.webui.keyword.WebUiBuiltInKeywords.verifyElementPresent(com.kms.katalon.core.testobject.ObjectRepository.findTestObject(Test Link Page_IFrame/input_j_username), 0)): com.kms.katalon.core.webui.exception.WebElementNotFoundException: Web element with id: 'Object Repository/Test Link Page_IFrame/input_j_username' located by 'By.xpath: id("name")[count(. | //input[@name = 'j_username']) = count(//input[@name = 'j_username'])]' not found

2018-02-26 17:18:42 - [MESSAGE][WARNING] - Timeout '0' is invalid. Using default page load timeout: '30'

2018-02-26 17:18:43 - [MESSAGE][WARNING] - Timeout '0' is invalid. Using default page load timeout: '30'

2018-02-26 17:19:15 - [MESSAGE][FAILED] - com.kms.katalon.core.webui.exception.WebElementNotFoundException: Web element with id: 'Object Repository/Test Link Page_IFrame/input_j_username' located by 'By.xpath: id("name")[count(. | //input[@name = 'j_username']) = count(//input[@name = 'j_username'])]' not found
[[ATTACHMENT|/Users/angelwong/Documents/Documents/EFORMS/06 Test Tool/ALEX NEFR TESTING/Reports/NEFR Launch New Form /20180226_171511/1519636754331.png]]

2018-02-26 17:19:15 - [TEST_STEP][PASSED] - Statement - applicantAdd = com.kms.katalon.core.webui.keyword.WebUiBuiltInKeywords.getText(com.kms.katalon.core.testobject.ObjectRepository.findTestObject(Applicant Tab/Main Residential Address Field )): Text of object 'Object Repository/Applicant Tab/Main Residential Address Field ' is: ''

2018-02-26 17:19:15 - [MESSAGE][PASSED] - Text of object 'Object Repository/Applicant Tab/Main Residential Address Field ' is: ''

2018-02-26 17:19:15 - [TEST_STEP][PASSED] - click: Object: 'Object Repository/My Details Tab/My Details tab btn' is clicked on

2018-02-26 17:19:16 - [MESSAGE][PASSED] - Object: 'Object Repository/My Details Tab/My Details tab btn' is clicked on

2018-02-26 17:19:16 - [TEST_STEP][PASSED] - verifyElementText: Actual text and expected text of test object 'Object Repository/My Details Tab/My Name label' are matched.

2018-02-26 17:19:16 - [MESSAGE][PASSED] - Actual text and expected text of test object 'Object Repository/My Details Tab/My Name label' are matched.

2018-02-26 17:19:16 - [TEST_STEP][PASSED] - verifyElementAttributeValue: Object 'Object Repository/My Details Tab/My Name Field' has attribute 'value' with value ''

2018-02-26 17:19:16 - [MESSAGE][WARNING] - Timeout '0' is invalid. Using default page load timeout: '30'

2018-02-26 17:19:16 - [MESSAGE][PASSED] - Object 'Object Repository/My Details Tab/My Name Field' has attribute 'value' with value ''

2018-02-26 17:19:16 - [TEST_STEP][PASSED] - verifyElementText: Actual text and expected text of test object 'Object Repository/My Details Tab/My NRIC label' are matched.

2018-02-26 17:19:16 - [MESSAGE][PASSED] - Actual text and expected text of test object 'Object Repository/My Details Tab/My NRIC label' are matched.

2018-02-26 17:19:16 - [TEST_STEP][PASSED] - verifyElementAttributeValue: Object 'Object Repository/My Details Tab/My NRIC Field' has attribute 'value' with value ''

2018-02-26 17:19:16 - [MESSAGE][WARNING] - Timeout '0' is invalid. Using default page load timeout: '30'

2018-02-26 17:19:16 - [MESSAGE][PASSED] - Object 'Object Repository/My Details Tab/My NRIC Field' has attribute 'value' with value ''

2018-02-26 17:19:16 - [TEST_STEP][PASSED] - verifyElementText: Actual text and expected text of test object 'Object Repository/My Details Tab/Passport checkbox label' are matched.

2018-02-26 17:19:16 - [MESSAGE][PASSED] - Actual text and expected text of test object 'Object Repository/My Details Tab/Passport checkbox label' are matched.

2018-02-26 17:19:16 - [TEST_STEP][PASSED] - verifyElementPresent: Object 'Object Repository/My Details Tab/Passport checkbox' is present

2018-02-26 17:19:16 - [MESSAGE][WARNING] - Timeout '0' is invalid. Using default page load timeout: '30'

2018-02-26 17:19:16 - [MESSAGE][WARNING] - Timeout '0' is invalid. Using default page load timeout: '30'

2018-02-26 17:19:16 - [MESSAGE][PASSED] - Object 'Object Repository/My Details Tab/Passport checkbox' is present

2018-02-26 17:19:16 - [TEST_STEP][PASSED] - verifyElementText: Actual text and expected text of test object 'Object Repository/My Details Tab/Residential Address label' are matched.

2018-02-26 17:19:17 - [MESSAGE][PASSED] - Actual text and expected text of test object 'Object Repository/My Details Tab/Residential Address label' are matched.

2018-02-26 17:19:17 - [TEST_STEP][PASSED] - verifyElementAttributeValue: Object 'Object Repository/My Details Tab/Residential Address Field' has attribute 'value' with value ''

2018-02-26 17:19:17 - [MESSAGE][WARNING] - Timeout '0' is invalid. Using default page load timeout: '30'

2018-02-26 17:19:17 - [MESSAGE][PASSED] - Object 'Object Repository/My Details Tab/Residential Address Field' has attribute 'value' with value ''

2018-02-26 17:19:17 - [TEST_STEP][PASSED] - verifyElementText: Actual text and expected text of test object 'Object Repository/My Details Tab/Same address checkbox label' are matched.

2018-02-26 17:19:17 - [MESSAGE][PASSED] - Actual text and expected text of test object 'Object Repository/My Details Tab/Same address checkbox label' are matched.

2018-02-26 17:19:17 - [TEST_STEP][PASSED] - Statement - If (O_CONSTYP == "CN"): Actual text and expected text of test object 'Object Repository/My Details Tab/Residential Address Field' are matched.

2018-02-26 17:19:17 - [TEST_STEP][PASSED] - verifyElementHasAttribute: Object 'Object Repository/My Details Tab/My Name Field' has attribute 'disabled'

2018-02-26 17:19:17 - [MESSAGE][WARNING] - Timeout '0' is invalid. Using default page load timeout: '30'

2018-02-26 17:19:17 - [MESSAGE][PASSED] - Object 'Object Repository/My Details Tab/My Name Field' has attribute 'disabled'

2018-02-26 17:19:17 - [TEST_STEP][PASSED] - verifyElementHasAttribute: Object 'Object Repository/My Details Tab/My NRIC Field' has attribute 'disabled'

2018-02-26 17:19:17 - [MESSAGE][WARNING] - Timeout '0' is invalid. Using default page load timeout: '30'

2018-02-26 17:19:17 - [MESSAGE][PASSED] - Object 'Object Repository/My Details Tab/My NRIC Field' has attribute 'disabled'

2018-02-26 17:19:17 - [TEST_STEP][PASSED] - verifyElementHasAttribute: Object 'Object Repository/My Details Tab/Residential Address Field' has attribute 'disabled'

2018-02-26 17:19:17 - [MESSAGE][WARNING] - Timeout '0' is invalid. Using default page load timeout: '30'

2018-02-26 17:19:17 - [MESSAGE][PASSED] - Object 'Object Repository/My Details Tab/Residential Address Field' has attribute 'disabled'

2018-02-26 17:19:17 - [TEST_STEP][PASSED] - verifyElementText: Actual text and expected text of test object 'Object Repository/My Details Tab/Residential Address Field' are matched.

2018-02-26 17:19:17 - [MESSAGE][PASSED] - Actual text and expected text of test object 'Object Repository/My Details Tab/Residential Address Field' are matched.

2018-02-26 17:19:17 - [TEST_STEP][PASSED] - scrollToElement: Scroll to object 'Object Repository/Test Link Page_IFrame/Save as Draft btn' successfully

2018-02-26 17:19:18 - [MESSAGE][PASSED] - Scroll to object 'Object Repository/Test Link Page_IFrame/Save as Draft btn' successfully

2018-02-26 17:19:18 - [TEST_STEP][PASSED] - verifyElementPresent: Object 'Object Repository/Test Link Page_IFrame/Save as Draft btn' is present

2018-02-26 17:19:18 - [MESSAGE][WARNING] - Timeout '0' is invalid. Using default page load timeout: '30'

2018-02-26 17:19:18 - [MESSAGE][WARNING] - Timeout '0' is invalid. Using default page load timeout: '30'

2018-02-26 17:19:18 - [MESSAGE][PASSED] - Object 'Object Repository/Test Link Page_IFrame/Save as Draft btn' is present

2018-02-26 17:19:18 - [TEST_STEP][PASSED] - click: Object: 'Object Repository/Test Link Page_IFrame/Save as Draft btn' is clicked on

2018-02-26 17:19:18 - [MESSAGE][PASSED] - Object: 'Object Repository/Test Link Page_IFrame/Save as Draft btn' is clicked on

2018-02-26 17:19:19 - [TEST_STEP][PASSED] - delay: Delayed 5 second(s)

2018-02-26 17:19:24 - [MESSAGE][PASSED] - Delayed 5 second(s)

2018-02-26 17:19:24 - [TEST_STEP][PASSED] - verifyElementPresent: Object 'Object Repository/Test Link Page_IFrame/OK btn of Save as draft dialog box' is present

2018-02-26 17:19:24 - [MESSAGE][WARNING] - Timeout '0' is invalid. Using default page load timeout: '30'

2018-02-26 17:19:24 - [MESSAGE][WARNING] - Timeout '0' is invalid. Using default page load timeout: '30'

2018-02-26 17:19:24 - [MESSAGE][PASSED] - Object 'Object Repository/Test Link Page_IFrame/OK btn of Save as draft dialog box' is present

2018-02-26 17:19:24 - [TEST_STEP][PASSED] - click: Object: 'Object Repository/Test Link Page_IFrame/OK btn of Save as draft dialog box' is clicked on

2018-02-26 17:19:25 - [MESSAGE][PASSED] - Object: 'Object Repository/Test Link Page_IFrame/OK btn of Save as draft dialog box' is clicked on

2018-02-26 17:19:25 - [TEST_STEP][PASSED] - closeBrowser: Browser is closed

2018-02-26 17:19:26 - [MESSAGE][PASSED] - Browser is closed]]></system-out>
         <system-err><![CDATA[2018-02-26 17:18:19 - [TEST_CASE][FAILED] - Test Cases/MY DETAILS TAB TEST: Test Cases/MY DETAILS TAB TEST FAILED because (of) com.kms.katalon.core.webui.exception.WebElementNotFoundException: Web element with id: 'Object Repository/Test Link Page_IFrame/input_j_username' located by 'By.xpath: id("name")[count(. | //input[@name = 'j_username']) = count(//input[@name = 'j_username'])]' not found]]></system-err>
      </testcase>
      <system-out><![CDATA[2018-02-26 17:15:16 - [TEST_SUITE][FAILED] - NEFR Launch New Form : Test Cases/MY DETAILS TAB TEST FAILED because (of) com.kms.katalon.core.webui.exception.WebElementNotFoundException: Web element with id: 'Object Repository/Test Link Page_IFrame/input_j_username' located by 'By.xpath: id("name")[count(. | //input[@name = 'j_username']) = count(//input[@name = 'j_username'])]' not found]]></system-out>
      <system-err><![CDATA[2018-02-26 17:15:16 - [TEST_SUITE][FAILED] - NEFR Launch New Form : Test Cases/MY DETAILS TAB TEST FAILED because (of) com.kms.katalon.core.webui.exception.WebElementNotFoundException: Web element with id: 'Object Repository/Test Link Page_IFrame/input_j_username' located by 'By.xpath: id("name")[count(. | //input[@name = 'j_username']) = count(//input[@name = 'j_username'])]' not found]]></system-err>
   </testsuite>
</testsuites>
